{"/home/runner/work/otus-react-redux-hw-8/otus-react-redux-hw-8/src/index.tsx": {"path":"/home/runner/work/otus-react-redux-hw-8/otus-react-redux-hw-8/src/index.tsx","statementMap":{"0":{"start":{"line":9,"column":13},"end":{"line":20,"column":1}},"1":{"start":{"line":11,"column":28},"end":{"line":11,"column":61}},"2":{"start":{"line":13,"column":2},"end":{"line":19,"column":4}},"3":{"start":{"line":22,"column":0},"end":{"line":22,"column":59}}},"fnMap":{"0":{"name":"(anonymous_0)","decl":{"start":{"line":9,"column":13},"end":{"line":9,"column":14}},"loc":{"start":{"line":9,"column":19},"end":{"line":20,"column":1}},"line":9}},"branchMap":{},"s":{"0":0,"1":0,"2":0,"3":0},"f":{"0":0},"b":{}}
,"/home/runner/work/otus-react-redux-hw-8/otus-react-redux-hw-8/src/initialState.ts": {"path":"/home/runner/work/otus-react-redux-hw-8/otus-react-redux-hw-8/src/initialState.ts","statementMap":{"0":{"start":{"line":4,"column":24},"end":{"line":4,"column":27}},"1":{"start":{"line":5,"column":29},"end":{"line":5,"column":30}},"2":{"start":{"line":6,"column":39},"end":{"line":6,"column":40}},"3":{"start":{"line":8,"column":29},"end":{"line":16,"column":1}}},"fnMap":{},"branchMap":{},"s":{"0":9,"1":9,"2":9,"3":9},"f":{},"b":{},"_coverageSchema":"1a1c01bbd47fc00a2c39e90264f33305004495a9","hash":"09e19539e290d8fc75c28269880ec0d26a3c62bf"}
,"/home/runner/work/otus-react-redux-hw-8/otus-react-redux-hw-8/src/reducer.ts": {"path":"/home/runner/work/otus-react-redux-hw-8/otus-react-redux-hw-8/src/reducer.ts","statementMap":{"0":{"start":{"line":8,"column":16},"end":{"line":85,"column":1}},"1":{"start":{"line":9,"column":2},"end":{"line":84,"column":3}},"2":{"start":{"line":11,"column":61},"end":{"line":11,"column":81}},"3":{"start":{"line":12,"column":6},"end":{"line":16,"column":8}},"4":{"start":{"line":20,"column":43},"end":{"line":20,"column":63}},"5":{"start":{"line":21,"column":6},"end":{"line":24,"column":8}},"6":{"start":{"line":28,"column":37},"end":{"line":28,"column":71}},"7":{"start":{"line":29,"column":6},"end":{"line":33,"column":8}},"8":{"start":{"line":37,"column":53},"end":{"line":37,"column":73}},"9":{"start":{"line":38,"column":37},"end":{"line":38,"column":65}},"10":{"start":{"line":39,"column":6},"end":{"line":44,"column":8}},"11":{"start":{"line":48,"column":37},"end":{"line":48,"column":57}},"12":{"start":{"line":49,"column":6},"end":{"line":52,"column":8}},"13":{"start":{"line":56,"column":6},"end":{"line":59,"column":8}},"14":{"start":{"line":63,"column":37},"end":{"line":63,"column":38}},"15":{"start":{"line":64,"column":6},"end":{"line":68,"column":8}},"16":{"start":{"line":72,"column":6},"end":{"line":75,"column":8}},"17":{"start":{"line":79,"column":6},"end":{"line":82,"column":8}}},"fnMap":{"0":{"name":"(anonymous_0)","decl":{"start":{"line":8,"column":16},"end":{"line":8,"column":17}},"loc":{"start":{"line":8,"column":52},"end":{"line":85,"column":1}},"line":8}},"branchMap":{"0":{"loc":{"start":{"line":9,"column":2},"end":{"line":84,"column":3}},"type":"switch","locations":[{"start":{"line":10,"column":4},"end":{"line":17,"column":5}},{"start":{"line":19,"column":4},"end":{"line":25,"column":5}},{"start":{"line":27,"column":4},"end":{"line":34,"column":5}},{"start":{"line":36,"column":4},"end":{"line":45,"column":5}},{"start":{"line":47,"column":4},"end":{"line":53,"column":5}},{"start":{"line":55,"column":4},"end":{"line":60,"column":5}},{"start":{"line":62,"column":4},"end":{"line":69,"column":5}},{"start":{"line":71,"column":4},"end":{"line":76,"column":5}},{"start":{"line":78,"column":4},"end":{"line":83,"column":5}}],"line":9},"1":{"loc":{"start":{"line":11,"column":14},"end":{"line":11,"column":56}},"type":"default-arg","locations":[{"start":{"line":11,"column":30},"end":{"line":11,"column":56}}],"line":11},"2":{"loc":{"start":{"line":11,"column":61},"end":{"line":11,"column":81}},"type":"binary-expr","locations":[{"start":{"line":11,"column":61},"end":{"line":11,"column":75}},{"start":{"line":11,"column":79},"end":{"line":11,"column":81}}],"line":11},"3":{"loc":{"start":{"line":20,"column":14},"end":{"line":20,"column":38}},"type":"default-arg","locations":[{"start":{"line":20,"column":29},"end":{"line":20,"column":38}}],"line":20},"4":{"loc":{"start":{"line":20,"column":43},"end":{"line":20,"column":63}},"type":"binary-expr","locations":[{"start":{"line":20,"column":43},"end":{"line":20,"column":57}},{"start":{"line":20,"column":61},"end":{"line":20,"column":63}}],"line":20},"5":{"loc":{"start":{"line":37,"column":14},"end":{"line":37,"column":48}},"type":"default-arg","locations":[{"start":{"line":37,"column":26},"end":{"line":37,"column":48}}],"line":37},"6":{"loc":{"start":{"line":37,"column":53},"end":{"line":37,"column":73}},"type":"binary-expr","locations":[{"start":{"line":37,"column":53},"end":{"line":37,"column":67}},{"start":{"line":37,"column":71},"end":{"line":37,"column":73}}],"line":37},"7":{"loc":{"start":{"line":48,"column":14},"end":{"line":48,"column":32}},"type":"default-arg","locations":[{"start":{"line":48,"column":28},"end":{"line":48,"column":32}}],"line":48},"8":{"loc":{"start":{"line":48,"column":37},"end":{"line":48,"column":57}},"type":"binary-expr","locations":[{"start":{"line":48,"column":37},"end":{"line":48,"column":51}},{"start":{"line":48,"column":55},"end":{"line":48,"column":57}}],"line":48}},"s":{"0":1,"1":4,"2":1,"3":1,"4":1,"5":1,"6":1,"7":1,"8":1,"9":1,"10":1,"11":0,"12":0,"13":0,"14":0,"15":0,"16":0,"17":0},"f":{"0":4},"b":{"0":[1,1,1,1,0,0,0,0,0],"1":[0],"2":[1,0],"3":[0],"4":[1,0],"5":[0],"6":[1,0],"7":[0],"8":[0,0]},"_coverageSchema":"1a1c01bbd47fc00a2c39e90264f33305004495a9","hash":"18f6c14422ca60086504da9f60935c7f4594cbc7"}
,"/home/runner/work/otus-react-redux-hw-8/otus-react-redux-hw-8/src/store.tsx": {"path":"/home/runner/work/otus-react-redux-hw-8/otus-react-redux-hw-8/src/store.tsx","statementMap":{},"fnMap":{"0":{"name":"(anonymous_0)","decl":{"start":{"line":10,"column":12},"end":{"line":10,"column":13}},"loc":{"start":{"line":10,"column":18},"end":{"line":10,"column":20}},"line":10}},"branchMap":{},"s":{},"f":{"0":0},"b":{},"_coverageSchema":"1a1c01bbd47fc00a2c39e90264f33305004495a9","hash":"5b7db3ea5cc9d1422a2332b044b3267765d90353"}
,"/home/runner/work/otus-react-redux-hw-8/otus-react-redux-hw-8/src/App/AppBody.tsx": {"path":"/home/runner/work/otus-react-redux-hw-8/otus-react-redux-hw-8/src/App/AppBody.tsx","statementMap":{"0":{"start":{"line":5,"column":13},"end":{"line":8,"column":1}},"1":{"start":{"line":10,"column":20},"end":{"line":16,"column":1}},"2":{"start":{"line":11,"column":2},"end":{"line":15,"column":4}}},"fnMap":{"0":{"name":"(anonymous_0)","decl":{"start":{"line":10,"column":20},"end":{"line":10,"column":21}},"loc":{"start":{"line":10,"column":26},"end":{"line":16,"column":1}},"line":10}},"branchMap":{},"s":{"0":2,"1":2,"2":3},"f":{"0":3},"b":{},"_coverageSchema":"1a1c01bbd47fc00a2c39e90264f33305004495a9","hash":"a6e051db0777443c5183e0c33442bdbc1bf51aeb"}
,"/home/runner/work/otus-react-redux-hw-8/otus-react-redux-hw-8/src/App/AppBottom.tsx": {"path":"/home/runner/work/otus-react-redux-hw-8/otus-react-redux-hw-8/src/App/AppBottom.tsx","statementMap":{"0":{"start":{"line":9,"column":13},"end":{"line":11,"column":1}},"1":{"start":{"line":10,"column":30},"end":{"line":10,"column":46}},"2":{"start":{"line":13,"column":16},"end":{"line":15,"column":1}},"3":{"start":{"line":17,"column":22},"end":{"line":29,"column":1}},"4":{"start":{"line":18,"column":20},"end":{"line":18,"column":37}},"5":{"start":{"line":19,"column":50},"end":{"line":19,"column":55}},"6":{"start":{"line":21,"column":2},"end":{"line":28,"column":4}}},"fnMap":{"0":{"name":"(anonymous_0)","decl":{"start":{"line":10,"column":13},"end":{"line":10,"column":14}},"loc":{"start":{"line":10,"column":30},"end":{"line":10,"column":46}},"line":10},"1":{"name":"(anonymous_1)","decl":{"start":{"line":17,"column":22},"end":{"line":17,"column":23}},"loc":{"start":{"line":17,"column":28},"end":{"line":29,"column":1}},"line":17}},"branchMap":{"0":{"loc":{"start":{"line":10,"column":30},"end":{"line":10,"column":46}},"type":"cond-expr","locations":[{"start":{"line":10,"column":39},"end":{"line":10,"column":40}},{"start":{"line":10,"column":43},"end":{"line":10,"column":46}}],"line":10}},"s":{"0":2,"1":2,"2":2,"3":2,"4":2,"5":2,"6":2},"f":{"0":2,"1":2},"b":{"0":[0,2]},"_coverageSchema":"1a1c01bbd47fc00a2c39e90264f33305004495a9","hash":"0eb1029aaaa5f70837c5fa47d42018e23cb5f5ea"}
,"/home/runner/work/otus-react-redux-hw-8/otus-react-redux-hw-8/src/App/AppHeader.tsx": {"path":"/home/runner/work/otus-react-redux-hw-8/otus-react-redux-hw-8/src/App/AppHeader.tsx","statementMap":{"0":{"start":{"line":5,"column":22},"end":{"line":9,"column":1}},"1":{"start":{"line":6,"column":2},"end":{"line":8,"column":10}}},"fnMap":{"0":{"name":"(anonymous_0)","decl":{"start":{"line":5,"column":22},"end":{"line":5,"column":23}},"loc":{"start":{"line":6,"column":2},"end":{"line":8,"column":10}},"line":6}},"branchMap":{},"s":{"0":2,"1":3},"f":{"0":3},"b":{},"_coverageSchema":"1a1c01bbd47fc00a2c39e90264f33305004495a9","hash":"ebd519dfe26b6b7a81d97d20d6be1271c12df747"}
,"/home/runner/work/otus-react-redux-hw-8/otus-react-redux-hw-8/src/App/AppRouter.tsx": {"path":"/home/runner/work/otus-react-redux-hw-8/otus-react-redux-hw-8/src/App/AppRouter.tsx","statementMap":{"0":{"start":{"line":9,"column":18},"end":{"line":25,"column":1}},"1":{"start":{"line":10,"column":2},"end":{"line":24,"column":11}}},"fnMap":{"0":{"name":"(anonymous_0)","decl":{"start":{"line":9,"column":18},"end":{"line":9,"column":19}},"loc":{"start":{"line":10,"column":2},"end":{"line":24,"column":11}},"line":10}},"branchMap":{},"s":{"0":2,"1":3},"f":{"0":3},"b":{},"_coverageSchema":"1a1c01bbd47fc00a2c39e90264f33305004495a9","hash":"fa4293e870ec58525ae8e1eb0c13c42786c07ccd"}
,"/home/runner/work/otus-react-redux-hw-8/otus-react-redux-hw-8/src/App/actionType.ts": {"path":"/home/runner/work/otus-react-redux-hw-8/otus-react-redux-hw-8/src/App/actionType.ts","statementMap":{"0":{"start":{"line":1,"column":15},"end":{"line":1,"column":22}}},"fnMap":{},"branchMap":{},"s":{"0":5},"f":{},"b":{},"_coverageSchema":"1a1c01bbd47fc00a2c39e90264f33305004495a9","hash":"b99ab322e315e743f8605fe870cfd55753e92059"}
,"/home/runner/work/otus-react-redux-hw-8/otus-react-redux-hw-8/src/App/actions.ts": {"path":"/home/runner/work/otus-react-redux-hw-8/otus-react-redux-hw-8/src/App/actions.ts","statementMap":{"0":{"start":{"line":4,"column":17},"end":{"line":6,"column":2}},"1":{"start":{"line":4,"column":24},"end":{"line":6,"column":1}},"2":{"start":{"line":8,"column":17},"end":{"line":11,"column":2}},"3":{"start":{"line":8,"column":41},"end":{"line":11,"column":1}},"4":{"start":{"line":13,"column":17},"end":{"line":16,"column":2}},"5":{"start":{"line":13,"column":49},"end":{"line":16,"column":1}},"6":{"start":{"line":18,"column":18},"end":{"line":20,"column":2}},"7":{"start":{"line":18,"column":25},"end":{"line":20,"column":1}},"8":{"start":{"line":22,"column":23},"end":{"line":24,"column":2}},"9":{"start":{"line":22,"column":30},"end":{"line":24,"column":1}},"10":{"start":{"line":26,"column":15},"end":{"line":28,"column":2}},"11":{"start":{"line":26,"column":22},"end":{"line":28,"column":1}},"12":{"start":{"line":30,"column":16},"end":{"line":32,"column":2}},"13":{"start":{"line":30,"column":23},"end":{"line":32,"column":1}}},"fnMap":{"0":{"name":"(anonymous_0)","decl":{"start":{"line":4,"column":17},"end":{"line":4,"column":18}},"loc":{"start":{"line":4,"column":24},"end":{"line":6,"column":1}},"line":4},"1":{"name":"(anonymous_1)","decl":{"start":{"line":8,"column":17},"end":{"line":8,"column":18}},"loc":{"start":{"line":8,"column":41},"end":{"line":11,"column":1}},"line":8},"2":{"name":"(anonymous_2)","decl":{"start":{"line":13,"column":17},"end":{"line":13,"column":18}},"loc":{"start":{"line":13,"column":49},"end":{"line":16,"column":1}},"line":13},"3":{"name":"(anonymous_3)","decl":{"start":{"line":18,"column":18},"end":{"line":18,"column":19}},"loc":{"start":{"line":18,"column":25},"end":{"line":20,"column":1}},"line":18},"4":{"name":"(anonymous_4)","decl":{"start":{"line":22,"column":23},"end":{"line":22,"column":24}},"loc":{"start":{"line":22,"column":30},"end":{"line":24,"column":1}},"line":22},"5":{"name":"(anonymous_5)","decl":{"start":{"line":26,"column":15},"end":{"line":26,"column":16}},"loc":{"start":{"line":26,"column":22},"end":{"line":28,"column":1}},"line":26},"6":{"name":"(anonymous_6)","decl":{"start":{"line":30,"column":16},"end":{"line":30,"column":17}},"loc":{"start":{"line":30,"column":23},"end":{"line":32,"column":1}},"line":30}},"branchMap":{},"s":{"0":5,"1":1,"2":5,"3":1,"4":5,"5":0,"6":5,"7":0,"8":5,"9":0,"10":5,"11":2,"12":5,"13":0},"f":{"0":1,"1":1,"2":0,"3":0,"4":0,"5":2,"6":0},"b":{},"_coverageSchema":"1a1c01bbd47fc00a2c39e90264f33305004495a9","hash":"8efd1976bc98731c5c9caf177a6b1d9a989574e9"}
,"/home/runner/work/otus-react-redux-hw-8/otus-react-redux-hw-8/src/App/index.tsx": {"path":"/home/runner/work/otus-react-redux-hw-8/otus-react-redux-hw-8/src/App/index.tsx","statementMap":{"0":{"start":{"line":9,"column":13},"end":{"line":15,"column":1}},"1":{"start":{"line":17,"column":18},"end":{"line":26,"column":1}},"2":{"start":{"line":37,"column":16},"end":{"line":44,"column":1}},"3":{"start":{"line":38,"column":2},"end":{"line":43,"column":9}}},"fnMap":{"0":{"name":"(anonymous_0)","decl":{"start":{"line":37,"column":16},"end":{"line":37,"column":17}},"loc":{"start":{"line":38,"column":2},"end":{"line":43,"column":9}},"line":38}},"branchMap":{},"s":{"0":1,"1":1,"2":1,"3":1},"f":{"0":1},"b":{},"_coverageSchema":"1a1c01bbd47fc00a2c39e90264f33305004495a9","hash":"83c124f56a60564eae248aa3f72fdec5f4a045ef"}
,"/home/runner/work/otus-react-redux-hw-8/otus-react-redux-hw-8/src/components/Button.tsx": {"path":"/home/runner/work/otus-react-redux-hw-8/otus-react-redux-hw-8/src/components/Button.tsx","statementMap":{"0":{"start":{"line":5,"column":13},"end":{"line":8,"column":1}},"1":{"start":{"line":15,"column":28},"end":{"line":21,"column":1}},"2":{"start":{"line":16,"column":2},"end":{"line":20,"column":4}}},"fnMap":{"0":{"name":"(anonymous_0)","decl":{"start":{"line":15,"column":28},"end":{"line":15,"column":29}},"loc":{"start":{"line":15,"column":80},"end":{"line":21,"column":1}},"line":15}},"branchMap":{"0":{"loc":{"start":{"line":15,"column":31},"end":{"line":15,"column":47}},"type":"default-arg","locations":[{"start":{"line":15,"column":39},"end":{"line":15,"column":47}}],"line":15},"1":{"loc":{"start":{"line":15,"column":58},"end":{"line":15,"column":73}},"type":"default-arg","locations":[{"start":{"line":15,"column":65},"end":{"line":15,"column":73}}],"line":15}},"s":{"0":4,"1":4,"2":8},"f":{"0":8},"b":{"0":[0],"1":[2]},"_coverageSchema":"1a1c01bbd47fc00a2c39e90264f33305004495a9","hash":"449bdbed9008583970f5e8ba8a7b514a4a0a0bc5"}
,"/home/runner/work/otus-react-redux-hw-8/otus-react-redux-hw-8/src/components/Loading.tsx": {"path":"/home/runner/work/otus-react-redux-hw-8/otus-react-redux-hw-8/src/components/Loading.tsx","statementMap":{"0":{"start":{"line":6,"column":16},"end":{"line":6,"column":50}},"1":{"start":{"line":8,"column":19},"end":{"line":18,"column":1}},"2":{"start":{"line":20,"column":15},"end":{"line":28,"column":1}},"3":{"start":{"line":30,"column":13},"end":{"line":63,"column":1}},"4":{"start":{"line":67,"column":4},"end":{"line":80,"column":6}}},"fnMap":{"0":{"name":"(anonymous_0)","decl":{"start":{"line":66,"column":2},"end":{"line":66,"column":3}},"loc":{"start":{"line":66,"column":11},"end":{"line":81,"column":3}},"line":66}},"branchMap":{"0":{"loc":{"start":{"line":68,"column":6},"end":{"line":79,"column":7}},"type":"binary-expr","locations":[{"start":{"line":68,"column":6},"end":{"line":68,"column":13}},{"start":{"line":69,"column":6},"end":{"line":79,"column":7}}],"line":68}},"s":{"0":2,"1":2,"2":2,"3":2,"4":0},"f":{"0":0},"b":{"0":[0,0]},"_coverageSchema":"1a1c01bbd47fc00a2c39e90264f33305004495a9","hash":"9eea205035a23a198aa387b51ad3e07c0fae0225"}
,"/home/runner/work/otus-react-redux-hw-8/otus-react-redux-hw-8/src/components/Select.tsx": {"path":"/home/runner/work/otus-react-redux-hw-8/otus-react-redux-hw-8/src/components/Select.tsx","statementMap":{"0":{"start":{"line":5,"column":13},"end":{"line":8,"column":1}},"1":{"start":{"line":13,"column":28},"end":{"line":30,"column":1}},"2":{"start":{"line":14,"column":2},"end":{"line":29,"column":4}}},"fnMap":{"0":{"name":"(anonymous_0)","decl":{"start":{"line":13,"column":28},"end":{"line":13,"column":29}},"loc":{"start":{"line":13,"column":46},"end":{"line":30,"column":1}},"line":13}},"branchMap":{},"s":{"0":4,"1":4,"2":5},"f":{"0":5},"b":{},"_coverageSchema":"1a1c01bbd47fc00a2c39e90264f33305004495a9","hash":"3f1ac9697d8a78c15fd556cf7022d3e9780bd359"}
,"/home/runner/work/otus-react-redux-hw-8/otus-react-redux-hw-8/src/layout/Panel.ts": {"path":"/home/runner/work/otus-react-redux-hw-8/otus-react-redux-hw-8/src/layout/Panel.ts","statementMap":{"0":{"start":{"line":3,"column":14},"end":{"line":9,"column":1}}},"fnMap":{},"branchMap":{},"s":{"0":4},"f":{},"b":{},"_coverageSchema":"1a1c01bbd47fc00a2c39e90264f33305004495a9","hash":"46dc8b9701b987964d72c79ed0637d1ea0aea5d3"}
,"/home/runner/work/otus-react-redux-hw-8/otus-react-redux-hw-8/src/model/IAction.ts": {"path":"/home/runner/work/otus-react-redux-hw-8/otus-react-redux-hw-8/src/model/IAction.ts","statementMap":{},"fnMap":{},"branchMap":{},"s":{},"f":{},"b":{}}
,"/home/runner/work/otus-react-redux-hw-8/otus-react-redux-hw-8/src/model/ICellInfo.ts": {"path":"/home/runner/work/otus-react-redux-hw-8/otus-react-redux-hw-8/src/model/ICellInfo.ts","statementMap":{},"fnMap":{},"branchMap":{},"s":{},"f":{},"b":{}}
,"/home/runner/work/otus-react-redux-hw-8/otus-react-redux-hw-8/src/model/IPayload.ts": {"path":"/home/runner/work/otus-react-redux-hw-8/otus-react-redux-hw-8/src/model/IPayload.ts","statementMap":{},"fnMap":{},"branchMap":{},"s":{},"f":{},"b":{}}
,"/home/runner/work/otus-react-redux-hw-8/otus-react-redux-hw-8/src/model/IState.ts": {"path":"/home/runner/work/otus-react-redux-hw-8/otus-react-redux-hw-8/src/model/IState.ts","statementMap":{},"fnMap":{},"branchMap":{},"s":{},"f":{},"b":{}}
,"/home/runner/work/otus-react-redux-hw-8/otus-react-redux-hw-8/src/model/IUserProfile.ts": {"path":"/home/runner/work/otus-react-redux-hw-8/otus-react-redux-hw-8/src/model/IUserProfile.ts","statementMap":{},"fnMap":{},"branchMap":{},"s":{},"f":{},"b":{}}
,"/home/runner/work/otus-react-redux-hw-8/otus-react-redux-hw-8/src/model/index.ts": {"path":"/home/runner/work/otus-react-redux-hw-8/otus-react-redux-hw-8/src/model/index.ts","statementMap":{},"fnMap":{},"branchMap":{},"s":{},"f":{},"b":{}}
,"/home/runner/work/otus-react-redux-hw-8/otus-react-redux-hw-8/src/modules/Auth/AuthForm.tsx": {"path":"/home/runner/work/otus-react-redux-hw-8/otus-react-redux-hw-8/src/modules/Auth/AuthForm.tsx","statementMap":{"0":{"start":{"line":13,"column":13},"end":{"line":31,"column":1}},"1":{"start":{"line":42,"column":21},"end":{"line":106,"column":1}},"2":{"start":{"line":43,"column":23},"end":{"line":43,"column":40}},"3":{"start":{"line":44,"column":34},"end":{"line":44,"column":82}},"4":{"start":{"line":46,"column":17},"end":{"line":46,"column":30}},"5":{"start":{"line":47,"column":17},"end":{"line":47,"column":30}},"6":{"start":{"line":50,"column":15},"end":{"line":50,"column":52}},"7":{"start":{"line":52,"column":2},"end":{"line":58,"column":17}},"8":{"start":{"line":53,"column":24},"end":{"line":53,"column":56}},"9":{"start":{"line":54,"column":4},"end":{"line":57,"column":5}},"10":{"start":{"line":55,"column":6},"end":{"line":55,"column":38}},"11":{"start":{"line":56,"column":6},"end":{"line":56,"column":27}},"12":{"start":{"line":60,"column":23},"end":{"line":68,"column":3}},"13":{"start":{"line":61,"column":4},"end":{"line":61,"column":23}},"14":{"start":{"line":62,"column":4},"end":{"line":67,"column":7}},"15":{"start":{"line":63,"column":6},"end":{"line":63,"column":38}},"16":{"start":{"line":64,"column":6},"end":{"line":64,"column":27}},"17":{"start":{"line":65,"column":6},"end":{"line":65,"column":40}},"18":{"start":{"line":66,"column":6},"end":{"line":66,"column":26}},"19":{"start":{"line":70,"column":23},"end":{"line":73,"column":3}},"20":{"start":{"line":71,"column":26},"end":{"line":71,"column":41}},"21":{"start":{"line":72,"column":4},"end":{"line":72,"column":46}},"22":{"start":{"line":75,"column":2},"end":{"line":105,"column":4}}},"fnMap":{"0":{"name":"(anonymous_0)","decl":{"start":{"line":42,"column":21},"end":{"line":42,"column":22}},"loc":{"start":{"line":42,"column":27},"end":{"line":106,"column":1}},"line":42},"1":{"name":"(anonymous_1)","decl":{"start":{"line":52,"column":12},"end":{"line":52,"column":13}},"loc":{"start":{"line":52,"column":18},"end":{"line":58,"column":3}},"line":52},"2":{"name":"(anonymous_2)","decl":{"start":{"line":60,"column":23},"end":{"line":60,"column":24}},"loc":{"start":{"line":60,"column":29},"end":{"line":68,"column":3}},"line":60},"3":{"name":"(anonymous_3)","decl":{"start":{"line":62,"column":38},"end":{"line":62,"column":39}},"loc":{"start":{"line":62,"column":69},"end":{"line":67,"column":5}},"line":62},"4":{"name":"(anonymous_4)","decl":{"start":{"line":70,"column":23},"end":{"line":70,"column":24}},"loc":{"start":{"line":70,"column":67},"end":{"line":73,"column":3}},"line":70}},"branchMap":{"0":{"loc":{"start":{"line":50,"column":15},"end":{"line":50,"column":52}},"type":"binary-expr","locations":[{"start":{"line":50,"column":15},"end":{"line":50,"column":45}},{"start":{"line":50,"column":49},"end":{"line":50,"column":52}}],"line":50},"1":{"loc":{"start":{"line":54,"column":4},"end":{"line":57,"column":5}},"type":"if","locations":[{"start":{"line":54,"column":4},"end":{"line":57,"column":5}},{"start":{},"end":{}}],"line":54},"2":{"loc":{"start":{"line":99,"column":47},"end":{"line":99,"column":84}},"type":"binary-expr","locations":[{"start":{"line":99,"column":47},"end":{"line":99,"column":62}},{"start":{"line":99,"column":66},"end":{"line":99,"column":84}}],"line":99}},"s":{"0":3,"1":3,"2":11,"3":11,"4":11,"5":11,"6":11,"7":11,"8":4,"9":4,"10":0,"11":0,"12":11,"13":1,"14":1,"15":0,"16":0,"17":0,"18":0,"19":11,"20":7,"21":7,"22":11},"f":{"0":11,"1":4,"2":1,"3":0,"4":7},"b":{"0":[11,9],"1":[0,4],"2":[11,7]},"_coverageSchema":"1a1c01bbd47fc00a2c39e90264f33305004495a9","hash":"fd5106c7bddb64664908ea81e5ff6ec5bbf00ab5"}
,"/home/runner/work/otus-react-redux-hw-8/otus-react-redux-hw-8/src/modules/Auth/AuthLayout.tsx": {"path":"/home/runner/work/otus-react-redux-hw-8/otus-react-redux-hw-8/src/modules/Auth/AuthLayout.tsx","statementMap":{"0":{"start":{"line":8,"column":13},"end":{"line":10,"column":1}},"1":{"start":{"line":12,"column":23},"end":{"line":21,"column":1}},"2":{"start":{"line":13,"column":20},"end":{"line":13,"column":37}},"3":{"start":{"line":14,"column":2},"end":{"line":20,"column":4}}},"fnMap":{"0":{"name":"(anonymous_0)","decl":{"start":{"line":12,"column":23},"end":{"line":12,"column":24}},"loc":{"start":{"line":12,"column":29},"end":{"line":21,"column":1}},"line":12}},"branchMap":{"0":{"loc":{"start":{"line":18,"column":7},"end":{"line":18,"column":37}},"type":"binary-expr","locations":[{"start":{"line":18,"column":7},"end":{"line":18,"column":22}},{"start":{"line":18,"column":26},"end":{"line":18,"column":37}}],"line":18}},"s":{"0":2,"1":2,"2":3,"3":3},"f":{"0":3},"b":{"0":[3,0]},"_coverageSchema":"1a1c01bbd47fc00a2c39e90264f33305004495a9","hash":"67a14b17b7d64fad42674de2c32423fb5a624bcd"}
,"/home/runner/work/otus-react-redux-hw-8/otus-react-redux-hw-8/src/modules/Auth/AuthStatus.tsx": {"path":"/home/runner/work/otus-react-redux-hw-8/otus-react-redux-hw-8/src/modules/Auth/AuthStatus.tsx","statementMap":{"0":{"start":{"line":5,"column":14},"end":{"line":8,"column":1}},"1":{"start":{"line":10,"column":19},"end":{"line":18,"column":1}},"2":{"start":{"line":11,"column":20},"end":{"line":11,"column":37}},"3":{"start":{"line":13,"column":2},"end":{"line":15,"column":3}},"4":{"start":{"line":14,"column":4},"end":{"line":14,"column":32}},"5":{"start":{"line":17,"column":2},"end":{"line":17,"column":61}}},"fnMap":{"0":{"name":"(anonymous_0)","decl":{"start":{"line":10,"column":19},"end":{"line":10,"column":20}},"loc":{"start":{"line":10,"column":25},"end":{"line":18,"column":1}},"line":10}},"branchMap":{"0":{"loc":{"start":{"line":13,"column":2},"end":{"line":15,"column":3}},"type":"if","locations":[{"start":{"line":13,"column":2},"end":{"line":15,"column":3}},{"start":{},"end":{}}],"line":13}},"s":{"0":2,"1":2,"2":3,"3":3,"4":2,"5":1},"f":{"0":3},"b":{"0":[2,1]},"_coverageSchema":"1a1c01bbd47fc00a2c39e90264f33305004495a9","hash":"a331ffd8ba8f753f4d2566292e23a0ff46bc63c6"}
,"/home/runner/work/otus-react-redux-hw-8/otus-react-redux-hw-8/src/modules/Auth/RequireAuth.tsx": {"path":"/home/runner/work/otus-react-redux-hw-8/otus-react-redux-hw-8/src/modules/Auth/RequireAuth.tsx","statementMap":{"0":{"start":{"line":5,"column":20},"end":{"line":14,"column":1}},"1":{"start":{"line":6,"column":20},"end":{"line":6,"column":37}},"2":{"start":{"line":7,"column":17},"end":{"line":7,"column":30}},"3":{"start":{"line":9,"column":2},"end":{"line":11,"column":3}},"4":{"start":{"line":10,"column":4},"end":{"line":10,"column":70}},"5":{"start":{"line":13,"column":2},"end":{"line":13,"column":18}}},"fnMap":{"0":{"name":"(anonymous_0)","decl":{"start":{"line":5,"column":20},"end":{"line":5,"column":21}},"loc":{"start":{"line":5,"column":65},"end":{"line":14,"column":1}},"line":5}},"branchMap":{"0":{"loc":{"start":{"line":9,"column":2},"end":{"line":11,"column":3}},"type":"if","locations":[{"start":{"line":9,"column":2},"end":{"line":11,"column":3}},{"start":{},"end":{}}],"line":9}},"s":{"0":2,"1":3,"2":3,"3":3,"4":2,"5":1},"f":{"0":3},"b":{"0":[2,1]},"_coverageSchema":"1a1c01bbd47fc00a2c39e90264f33305004495a9","hash":"434f995d8a17d8e9dae512600772d365019ad662"}
,"/home/runner/work/otus-react-redux-hw-8/otus-react-redux-hw-8/src/modules/Auth/fakeAuthProvider.ts": {"path":"/home/runner/work/otus-react-redux-hw-8/otus-react-redux-hw-8/src/modules/Auth/fakeAuthProvider.ts","statementMap":{"0":{"start":{"line":6,"column":2},"end":{"line":8,"column":4}},"1":{"start":{"line":7,"column":4},"end":{"line":7,"column":87}},"2":{"start":{"line":14,"column":25},"end":{"line":29,"column":1}},"3":{"start":{"line":17,"column":4},"end":{"line":17,"column":44}},"4":{"start":{"line":18,"column":4},"end":{"line":22,"column":13}},"5":{"start":{"line":19,"column":38},"end":{"line":19,"column":70}},"6":{"start":{"line":20,"column":6},"end":{"line":20,"column":77}},"7":{"start":{"line":21,"column":6},"end":{"line":21,"column":28}},"8":{"start":{"line":25,"column":4},"end":{"line":25,"column":45}},"9":{"start":{"line":26,"column":4},"end":{"line":26,"column":49}},"10":{"start":{"line":27,"column":4},"end":{"line":27,"column":30}},"11":{"start":{"line":31,"column":39},"end":{"line":40,"column":1}},"12":{"start":{"line":32,"column":24},"end":{"line":32,"column":65}},"13":{"start":{"line":33,"column":2},"end":{"line":38,"column":3}},"14":{"start":{"line":34,"column":38},"end":{"line":34,"column":63}},"15":{"start":{"line":35,"column":4},"end":{"line":37,"column":5}},"16":{"start":{"line":36,"column":6},"end":{"line":36,"column":25}},"17":{"start":{"line":39,"column":2},"end":{"line":39,"column":14}}},"fnMap":{"0":{"name":"uuidv4","decl":{"start":{"line":4,"column":9},"end":{"line":4,"column":15}},"loc":{"start":{"line":4,"column":18},"end":{"line":9,"column":1}},"line":4},"1":{"name":"(anonymous_1)","decl":{"start":{"line":6,"column":64},"end":{"line":6,"column":65}},"loc":{"start":{"line":7,"column":4},"end":{"line":7,"column":87}},"line":7},"2":{"name":"(anonymous_2)","decl":{"start":{"line":16,"column":2},"end":{"line":16,"column":3}},"loc":{"start":{"line":16,"column":77},"end":{"line":23,"column":3}},"line":16},"3":{"name":"(anonymous_3)","decl":{"start":{"line":18,"column":15},"end":{"line":18,"column":16}},"loc":{"start":{"line":18,"column":21},"end":{"line":22,"column":5}},"line":18},"4":{"name":"(anonymous_4)","decl":{"start":{"line":24,"column":2},"end":{"line":24,"column":3}},"loc":{"start":{"line":24,"column":34},"end":{"line":28,"column":3}},"line":24},"5":{"name":"(anonymous_5)","decl":{"start":{"line":31,"column":39},"end":{"line":31,"column":40}},"loc":{"start":{"line":31,"column":45},"end":{"line":40,"column":1}},"line":31}},"branchMap":{"0":{"loc":{"start":{"line":33,"column":2},"end":{"line":38,"column":3}},"type":"if","locations":[{"start":{"line":33,"column":2},"end":{"line":38,"column":3}},{"start":{},"end":{}}],"line":33},"1":{"loc":{"start":{"line":35,"column":4},"end":{"line":37,"column":5}},"type":"if","locations":[{"start":{"line":35,"column":4},"end":{"line":37,"column":5}},{"start":{},"end":{}}],"line":35},"2":{"loc":{"start":{"line":35,"column":8},"end":{"line":35,"column":70}},"type":"binary-expr","locations":[{"start":{"line":35,"column":8},"end":{"line":35,"column":25}},{"start":{"line":35,"column":29},"end":{"line":35,"column":49}},{"start":{"line":35,"column":53},"end":{"line":35,"column":70}}],"line":35}},"s":{"0":0,"1":0,"2":4,"3":1,"4":1,"5":0,"6":0,"7":0,"8":1,"9":1,"10":1,"11":4,"12":4,"13":4,"14":0,"15":0,"16":0,"17":4},"f":{"0":0,"1":0,"2":1,"3":0,"4":1,"5":4},"b":{"0":[0,4],"1":[0,0],"2":[0,0,0]},"_coverageSchema":"1a1c01bbd47fc00a2c39e90264f33305004495a9","hash":"bc5c0cafb27bc01713950e3564420da85d24e02b"}
,"/home/runner/work/otus-react-redux-hw-8/otus-react-redux-hw-8/src/modules/Cell/actionType.ts": {"path":"/home/runner/work/otus-react-redux-hw-8/otus-react-redux-hw-8/src/modules/Cell/actionType.ts","statementMap":{"0":{"start":{"line":1,"column":15},"end":{"line":1,"column":23}}},"fnMap":{},"branchMap":{},"s":{"0":5},"f":{},"b":{},"_coverageSchema":"1a1c01bbd47fc00a2c39e90264f33305004495a9","hash":"bbf04ffa57a1d47e568b9721d3dc9b246347bccf"}
,"/home/runner/work/otus-react-redux-hw-8/otus-react-redux-hw-8/src/modules/Cell/actions.ts": {"path":"/home/runner/work/otus-react-redux-hw-8/otus-react-redux-hw-8/src/modules/Cell/actions.ts","statementMap":{"0":{"start":{"line":3,"column":24},"end":{"line":6,"column":2}},"1":{"start":{"line":3,"column":52},"end":{"line":6,"column":1}}},"fnMap":{"0":{"name":"(anonymous_0)","decl":{"start":{"line":3,"column":24},"end":{"line":3,"column":25}},"loc":{"start":{"line":3,"column":52},"end":{"line":6,"column":1}},"line":3}},"branchMap":{},"s":{"0":5,"1":2},"f":{"0":2},"b":{},"_coverageSchema":"1a1c01bbd47fc00a2c39e90264f33305004495a9","hash":"47688ef0422df3dc9457bbd544980dd76ef7d857"}
,"/home/runner/work/otus-react-redux-hw-8/otus-react-redux-hw-8/src/modules/Cell/constatnts.ts": {"path":"/home/runner/work/otus-react-redux-hw-8/otus-react-redux-hw-8/src/modules/Cell/constatnts.ts","statementMap":{"0":{"start":{"line":1,"column":25},"end":{"line":1,"column":27}}},"fnMap":{},"branchMap":{},"s":{"0":4},"f":{},"b":{},"_coverageSchema":"1a1c01bbd47fc00a2c39e90264f33305004495a9","hash":"cd4fd25928b730fbd335ae2ce6073c0005c967f9"}
,"/home/runner/work/otus-react-redux-hw-8/otus-react-redux-hw-8/src/modules/Cell/index.tsx": {"path":"/home/runner/work/otus-react-redux-hw-8/otus-react-redux-hw-8/src/modules/Cell/index.tsx","statementMap":{"0":{"start":{"line":14,"column":18},"end":{"line":32,"column":1}},"1":{"start":{"line":16,"column":28},"end":{"line":16,"column":57}},"2":{"start":{"line":17,"column":30},"end":{"line":17,"column":60}},"3":{"start":{"line":19,"column":36},"end":{"line":19,"column":61}},"4":{"start":{"line":20,"column":37},"end":{"line":20,"column":62}},"5":{"start":{"line":21,"column":47},"end":{"line":21,"column":88}},"6":{"start":{"line":22,"column":49},"end":{"line":22,"column":91}},"7":{"start":{"line":24,"column":21},"end":{"line":24,"column":49}},"8":{"start":{"line":37,"column":16},"end":{"line":52,"column":1}},"9":{"start":{"line":41,"column":35},"end":{"line":41,"column":69}},"10":{"start":{"line":47,"column":37},"end":{"line":47,"column":66}},"11":{"start":{"line":63,"column":34},"end":{"line":89,"column":1}},"12":{"start":{"line":70,"column":23},"end":{"line":70,"column":40}},"13":{"start":{"line":72,"column":22},"end":{"line":74,"column":3}},"14":{"start":{"line":73,"column":4},"end":{"line":73,"column":61}},"15":{"start":{"line":75,"column":21},"end":{"line":75,"column":27}},"16":{"start":{"line":77,"column":2},"end":{"line":88,"column":4}}},"fnMap":{"0":{"name":"(anonymous_0)","decl":{"start":{"line":16,"column":11},"end":{"line":16,"column":12}},"loc":{"start":{"line":16,"column":28},"end":{"line":16,"column":57}},"line":16},"1":{"name":"(anonymous_1)","decl":{"start":{"line":17,"column":12},"end":{"line":17,"column":13}},"loc":{"start":{"line":17,"column":30},"end":{"line":17,"column":60}},"line":17},"2":{"name":"(anonymous_2)","decl":{"start":{"line":19,"column":16},"end":{"line":19,"column":17}},"loc":{"start":{"line":19,"column":36},"end":{"line":19,"column":61}},"line":19},"3":{"name":"(anonymous_3)","decl":{"start":{"line":20,"column":17},"end":{"line":20,"column":18}},"loc":{"start":{"line":20,"column":37},"end":{"line":20,"column":62}},"line":20},"4":{"name":"(anonymous_4)","decl":{"start":{"line":21,"column":18},"end":{"line":21,"column":19}},"loc":{"start":{"line":21,"column":47},"end":{"line":21,"column":88}},"line":21},"5":{"name":"(anonymous_5)","decl":{"start":{"line":22,"column":19},"end":{"line":22,"column":20}},"loc":{"start":{"line":22,"column":49},"end":{"line":22,"column":91}},"line":22},"6":{"name":"(anonymous_6)","decl":{"start":{"line":24,"column":4},"end":{"line":24,"column":5}},"loc":{"start":{"line":24,"column":21},"end":{"line":24,"column":49}},"line":24},"7":{"name":"(anonymous_7)","decl":{"start":{"line":41,"column":16},"end":{"line":41,"column":17}},"loc":{"start":{"line":41,"column":35},"end":{"line":41,"column":69}},"line":41},"8":{"name":"(anonymous_8)","decl":{"start":{"line":47,"column":18},"end":{"line":47,"column":19}},"loc":{"start":{"line":47,"column":37},"end":{"line":47,"column":66}},"line":47},"9":{"name":"(anonymous_9)","decl":{"start":{"line":63,"column":34},"end":{"line":63,"column":35}},"loc":{"start":{"line":69,"column":6},"end":{"line":89,"column":1}},"line":69},"10":{"name":"(anonymous_10)","decl":{"start":{"line":72,"column":22},"end":{"line":72,"column":23}},"loc":{"start":{"line":72,"column":28},"end":{"line":74,"column":3}},"line":72}},"branchMap":{"0":{"loc":{"start":{"line":16,"column":41},"end":{"line":16,"column":56}},"type":"cond-expr","locations":[{"start":{"line":16,"column":51},"end":{"line":16,"column":52}},{"start":{"line":16,"column":55},"end":{"line":16,"column":56}}],"line":16},"1":{"loc":{"start":{"line":17,"column":43},"end":{"line":17,"column":59}},"type":"cond-expr","locations":[{"start":{"line":17,"column":54},"end":{"line":17,"column":55}},{"start":{"line":17,"column":58},"end":{"line":17,"column":59}}],"line":17},"2":{"loc":{"start":{"line":21,"column":60},"end":{"line":21,"column":85}},"type":"cond-expr","locations":[{"start":{"line":21,"column":70},"end":{"line":21,"column":80}},{"start":{"line":21,"column":83},"end":{"line":21,"column":85}}],"line":21},"3":{"loc":{"start":{"line":22,"column":62},"end":{"line":22,"column":88}},"type":"cond-expr","locations":[{"start":{"line":22,"column":73},"end":{"line":22,"column":83}},{"start":{"line":22,"column":86},"end":{"line":22,"column":88}}],"line":22},"4":{"loc":{"start":{"line":24,"column":21},"end":{"line":24,"column":49}},"type":"cond-expr","locations":[{"start":{"line":24,"column":30},"end":{"line":24,"column":44}},{"start":{"line":24,"column":47},"end":{"line":24,"column":49}}],"line":24},"5":{"loc":{"start":{"line":41,"column":35},"end":{"line":41,"column":69}},"type":"cond-expr","locations":[{"start":{"line":41,"column":46},"end":{"line":41,"column":55}},{"start":{"line":41,"column":58},"end":{"line":41,"column":69}}],"line":41},"6":{"loc":{"start":{"line":47,"column":37},"end":{"line":47,"column":66}},"type":"cond-expr","locations":[{"start":{"line":47,"column":48},"end":{"line":47,"column":54}},{"start":{"line":47,"column":57},"end":{"line":47,"column":66}}],"line":47},"7":{"loc":{"start":{"line":65,"column":2},"end":{"line":65,"column":14}},"type":"default-arg","locations":[{"start":{"line":65,"column":13},"end":{"line":65,"column":14}}],"line":65},"8":{"loc":{"start":{"line":66,"column":2},"end":{"line":66,"column":20}},"type":"default-arg","locations":[{"start":{"line":66,"column":15},"end":{"line":66,"column":20}}],"line":66},"9":{"loc":{"start":{"line":67,"column":2},"end":{"line":67,"column":15}},"type":"default-arg","locations":[{"start":{"line":67,"column":11},"end":{"line":67,"column":15}}],"line":67},"10":{"loc":{"start":{"line":68,"column":2},"end":{"line":68,"column":16}},"type":"default-arg","locations":[{"start":{"line":68,"column":12},"end":{"line":68,"column":16}}],"line":68},"11":{"loc":{"start":{"line":73,"column":29},"end":{"line":73,"column":58}},"type":"cond-expr","locations":[{"start":{"line":73,"column":43},"end":{"line":73,"column":46}},{"start":{"line":73,"column":49},"end":{"line":73,"column":58}}],"line":73},"12":{"loc":{"start":{"line":84,"column":7},"end":{"line":86,"column":7}},"type":"binary-expr","locations":[{"start":{"line":84,"column":7},"end":{"line":84,"column":17}},{"start":{"line":85,"column":8},"end":{"line":85,"column":91}}],"line":84}},"s":{"0":4,"1":45,"2":45,"3":45,"4":45,"5":45,"6":45,"7":45,"8":4,"9":7,"10":7,"11":4,"12":45,"13":45,"14":1,"15":45,"16":45},"f":{"0":45,"1":45,"2":45,"3":45,"4":45,"5":45,"6":45,"7":7,"8":7,"9":45,"10":1},"b":{"0":[15,30],"1":[0,45],"2":[15,30],"3":[0,45],"4":[15,30],"5":[2,5],"6":[2,5],"7":[0],"8":[0],"9":[2],"10":[2],"11":[0,1],"12":[45,7]},"_coverageSchema":"1a1c01bbd47fc00a2c39e90264f33305004495a9","hash":"f63ad4196e1f7d587513ea06506ca3862ed0ea3e"}
,"/home/runner/work/otus-react-redux-hw-8/otus-react-redux-hw-8/src/modules/Cell/models.ts": {"path":"/home/runner/work/otus-react-redux-hw-8/otus-react-redux-hw-8/src/modules/Cell/models.ts","statementMap":{},"fnMap":{},"branchMap":{},"s":{},"f":{},"b":{}}
,"/home/runner/work/otus-react-redux-hw-8/otus-react-redux-hw-8/src/modules/GameField/actionType.ts": {"path":"/home/runner/work/otus-react-redux-hw-8/otus-react-redux-hw-8/src/modules/GameField/actionType.ts","statementMap":{"0":{"start":{"line":1,"column":15},"end":{"line":1,"column":29}}},"fnMap":{},"branchMap":{},"s":{"0":1},"f":{},"b":{},"_coverageSchema":"1a1c01bbd47fc00a2c39e90264f33305004495a9","hash":"1b891241207cbfc43ae134644a4bf75ee46130ed"}
,"/home/runner/work/otus-react-redux-hw-8/otus-react-redux-hw-8/src/modules/GameField/actions.ts": {"path":"/home/runner/work/otus-react-redux-hw-8/otus-react-redux-hw-8/src/modules/GameField/actions.ts","statementMap":{"0":{"start":{"line":3,"column":25},"end":{"line":6,"column":2}},"1":{"start":{"line":3,"column":53},"end":{"line":6,"column":1}}},"fnMap":{"0":{"name":"(anonymous_0)","decl":{"start":{"line":3,"column":25},"end":{"line":3,"column":26}},"loc":{"start":{"line":3,"column":53},"end":{"line":6,"column":1}},"line":3}},"branchMap":{},"s":{"0":1,"1":1},"f":{"0":1},"b":{},"_coverageSchema":"1a1c01bbd47fc00a2c39e90264f33305004495a9","hash":"566e3a747e019bb6abf0d2213ddb86d1007568ee"}
,"/home/runner/work/otus-react-redux-hw-8/otus-react-redux-hw-8/src/modules/GameField/index.tsx": {"path":"/home/runner/work/otus-react-redux-hw-8/otus-react-redux-hw-8/src/modules/GameField/index.tsx","statementMap":{"0":{"start":{"line":11,"column":30},"end":{"line":21,"column":1}},"1":{"start":{"line":20,"column":30},"end":{"line":20,"column":46}},"2":{"start":{"line":23,"column":22},"end":{"line":56,"column":1}},"3":{"start":{"line":24,"column":20},"end":{"line":24,"column":37}},"4":{"start":{"line":25,"column":70},"end":{"line":25,"column":75}},"5":{"start":{"line":26,"column":22},"end":{"line":26,"column":39}},"6":{"start":{"line":27,"column":23},"end":{"line":27,"column":75}},"7":{"start":{"line":29,"column":2},"end":{"line":31,"column":3}},"8":{"start":{"line":30,"column":4},"end":{"line":30,"column":49}},"9":{"start":{"line":33,"column":2},"end":{"line":55,"column":4}},"10":{"start":{"line":36,"column":18},"end":{"line":36,"column":51}},"11":{"start":{"line":37,"column":18},"end":{"line":37,"column":39}},"12":{"start":{"line":38,"column":24},"end":{"line":38,"column":41}},"13":{"start":{"line":39,"column":25},"end":{"line":39,"column":43}},"14":{"start":{"line":40,"column":23},"end":{"line":40,"column":30}},"15":{"start":{"line":41,"column":8},"end":{"line":51,"column":10}}},"fnMap":{"0":{"name":"(anonymous_0)","decl":{"start":{"line":20,"column":13},"end":{"line":20,"column":14}},"loc":{"start":{"line":20,"column":30},"end":{"line":20,"column":46}},"line":20},"1":{"name":"(anonymous_1)","decl":{"start":{"line":23,"column":22},"end":{"line":23,"column":23}},"loc":{"start":{"line":23,"column":28},"end":{"line":56,"column":1}},"line":23},"2":{"name":"(anonymous_2)","decl":{"start":{"line":35,"column":25},"end":{"line":35,"column":26}},"loc":{"start":{"line":35,"column":61},"end":{"line":52,"column":7}},"line":35}},"branchMap":{"0":{"loc":{"start":{"line":20,"column":30},"end":{"line":20,"column":46}},"type":"cond-expr","locations":[{"start":{"line":20,"column":39},"end":{"line":20,"column":40}},{"start":{"line":20,"column":43},"end":{"line":20,"column":46}}],"line":20},"1":{"loc":{"start":{"line":29,"column":2},"end":{"line":31,"column":3}},"type":"if","locations":[{"start":{"line":29,"column":2},"end":{"line":31,"column":3}},{"start":{},"end":{}}],"line":29}},"s":{"0":3,"1":4,"2":3,"3":4,"4":4,"5":4,"6":4,"7":4,"8":0,"9":4,"10":43,"11":43,"12":43,"13":43,"14":43,"15":43},"f":{"0":4,"1":4,"2":43},"b":{"0":[0,4],"1":[0,4]},"_coverageSchema":"1a1c01bbd47fc00a2c39e90264f33305004495a9","hash":"512565e54b433cbf60dc8a9a2b2835f8da0fc543"}
,"/home/runner/work/otus-react-redux-hw-8/otus-react-redux-hw-8/src/modules/UserForm/index.tsx": {"path":"/home/runner/work/otus-react-redux-hw-8/otus-react-redux-hw-8/src/modules/UserForm/index.tsx","statementMap":{"0":{"start":{"line":10,"column":21},"end":{"line":45,"column":1}},"1":{"start":{"line":11,"column":23},"end":{"line":11,"column":40}},"2":{"start":{"line":13,"column":17},"end":{"line":13,"column":30}},"3":{"start":{"line":14,"column":17},"end":{"line":14,"column":30}},"4":{"start":{"line":17,"column":15},"end":{"line":17,"column":52}},"5":{"start":{"line":19,"column":22},"end":{"line":21,"column":3}},"6":{"start":{"line":20,"column":4},"end":{"line":20,"column":25}},"7":{"start":{"line":23,"column":28},"end":{"line":26,"column":3}},"8":{"start":{"line":24,"column":22},"end":{"line":24,"column":41}},"9":{"start":{"line":25,"column":4},"end":{"line":25,"column":30}},"10":{"start":{"line":28,"column":23},"end":{"line":36,"column":3}},"11":{"start":{"line":29,"column":4},"end":{"line":29,"column":23}},"12":{"start":{"line":30,"column":4},"end":{"line":35,"column":7}},"13":{"start":{"line":31,"column":6},"end":{"line":31,"column":28}},"14":{"start":{"line":32,"column":6},"end":{"line":32,"column":33}},"15":{"start":{"line":33,"column":6},"end":{"line":33,"column":40}},"16":{"start":{"line":34,"column":6},"end":{"line":34,"column":26}},"17":{"start":{"line":38,"column":2},"end":{"line":44,"column":4}}},"fnMap":{"0":{"name":"(anonymous_0)","decl":{"start":{"line":10,"column":21},"end":{"line":10,"column":22}},"loc":{"start":{"line":10,"column":27},"end":{"line":45,"column":1}},"line":10},"1":{"name":"(anonymous_1)","decl":{"start":{"line":19,"column":22},"end":{"line":19,"column":23}},"loc":{"start":{"line":19,"column":28},"end":{"line":21,"column":3}},"line":19},"2":{"name":"(anonymous_2)","decl":{"start":{"line":23,"column":28},"end":{"line":23,"column":29}},"loc":{"start":{"line":23,"column":77},"end":{"line":26,"column":3}},"line":23},"3":{"name":"(anonymous_3)","decl":{"start":{"line":28,"column":23},"end":{"line":28,"column":24}},"loc":{"start":{"line":28,"column":29},"end":{"line":36,"column":3}},"line":28},"4":{"name":"(anonymous_4)","decl":{"start":{"line":30,"column":29},"end":{"line":30,"column":30}},"loc":{"start":{"line":30,"column":35},"end":{"line":35,"column":5}},"line":30}},"branchMap":{"0":{"loc":{"start":{"line":17,"column":15},"end":{"line":17,"column":52}},"type":"binary-expr","locations":[{"start":{"line":17,"column":15},"end":{"line":17,"column":45}},{"start":{"line":17,"column":49},"end":{"line":17,"column":52}}],"line":17}},"s":{"0":3,"1":3,"2":3,"3":3,"4":3,"5":3,"6":0,"7":3,"8":0,"9":0,"10":3,"11":1,"12":1,"13":0,"14":0,"15":0,"16":0,"17":3},"f":{"0":3,"1":0,"2":0,"3":1,"4":0},"b":{"0":[3,3]},"_coverageSchema":"1a1c01bbd47fc00a2c39e90264f33305004495a9","hash":"8bfef3c95b23d95b34dd13e0ff370f54a3969ef4"}
,"/home/runner/work/otus-react-redux-hw-8/otus-react-redux-hw-8/src/utils/createArrayBySize.ts": {"path":"/home/runner/work/otus-react-redux-hw-8/otus-react-redux-hw-8/src/utils/createArrayBySize.ts","statementMap":{"0":{"start":{"line":1,"column":31},"end":{"line":2,"column":55}},"1":{"start":{"line":2,"column":2},"end":{"line":2,"column":55}},"2":{"start":{"line":2,"column":43},"end":{"line":2,"column":54}}},"fnMap":{"0":{"name":"(anonymous_0)","decl":{"start":{"line":1,"column":31},"end":{"line":1,"column":32}},"loc":{"start":{"line":2,"column":2},"end":{"line":2,"column":55}},"line":2},"1":{"name":"(anonymous_1)","decl":{"start":{"line":2,"column":36},"end":{"line":2,"column":37}},"loc":{"start":{"line":2,"column":43},"end":{"line":2,"column":54}},"line":2}},"branchMap":{"0":{"loc":{"start":{"line":1,"column":32},"end":{"line":1,"column":48}},"type":"default-arg","locations":[{"start":{"line":1,"column":47},"end":{"line":1,"column":48}}],"line":1}},"s":{"0":11,"1":16,"2":820},"f":{"0":16,"1":820},"b":{"0":[1]},"_coverageSchema":"1a1c01bbd47fc00a2c39e90264f33305004495a9","hash":"567237fcb48c8576b43c01f6aec175de8b553f86"}
,"/home/runner/work/otus-react-redux-hw-8/otus-react-redux-hw-8/src/utils/createGameField.ts": {"path":"/home/runner/work/otus-react-redux-hw-8/otus-react-redux-hw-8/src/utils/createGameField.ts","statementMap":{"0":{"start":{"line":5,"column":22},"end":{"line":12,"column":1}},"1":{"start":{"line":5,"column":47},"end":{"line":12,"column":1}},"2":{"start":{"line":6,"column":25},"end":{"line":6,"column":91}},"3":{"start":{"line":7,"column":14},"end":{"line":7,"column":38}},"4":{"start":{"line":7,"column":36},"end":{"line":7,"column":37}},"5":{"start":{"line":8,"column":2},"end":{"line":10,"column":3}},"6":{"start":{"line":8,"column":15},"end":{"line":8,"column":16}},"7":{"start":{"line":9,"column":4},"end":{"line":9,"column":28}},"8":{"start":{"line":11,"column":2},"end":{"line":11,"column":13}},"9":{"start":{"line":14,"column":24},"end":{"line":16,"column":1}},"10":{"start":{"line":15,"column":2},"end":{"line":15,"column":84}}},"fnMap":{"0":{"name":"(anonymous_0)","decl":{"start":{"line":5,"column":22},"end":{"line":5,"column":23}},"loc":{"start":{"line":5,"column":47},"end":{"line":12,"column":1}},"line":5},"1":{"name":"(anonymous_1)","decl":{"start":{"line":5,"column":47},"end":{"line":5,"column":48}},"loc":{"start":{"line":5,"column":79},"end":{"line":12,"column":1}},"line":5},"2":{"name":"(anonymous_2)","decl":{"start":{"line":7,"column":30},"end":{"line":7,"column":31}},"loc":{"start":{"line":7,"column":36},"end":{"line":7,"column":37}},"line":7},"3":{"name":"(anonymous_3)","decl":{"start":{"line":14,"column":24},"end":{"line":14,"column":25}},"loc":{"start":{"line":14,"column":68},"end":{"line":16,"column":1}},"line":14}},"branchMap":{"0":{"loc":{"start":{"line":14,"column":39},"end":{"line":14,"column":63}},"type":"default-arg","locations":[{"start":{"line":14,"column":61},"end":{"line":14,"column":63}}],"line":14}},"s":{"0":10,"1":14,"2":14,"3":14,"4":815,"5":14,"6":14,"7":27,"8":14,"9":10,"10":14},"f":{"0":14,"1":14,"2":815,"3":14},"b":{"0":[1]},"_coverageSchema":"1a1c01bbd47fc00a2c39e90264f33305004495a9","hash":"fdc6753d0fdc779416465276c76203bd6bb0978e"}
,"/home/runner/work/otus-react-redux-hw-8/otus-react-redux-hw-8/src/utils/index.ts": {"path":"/home/runner/work/otus-react-redux-hw-8/otus-react-redux-hw-8/src/utils/index.ts","statementMap":{},"fnMap":{},"branchMap":{},"s":{},"f":{},"b":{}}
,"/home/runner/work/otus-react-redux-hw-8/otus-react-redux-hw-8/src/utils/shuffle.ts": {"path":"/home/runner/work/otus-react-redux-hw-8/otus-react-redux-hw-8/src/utils/shuffle.ts","statementMap":{"0":{"start":{"line":1,"column":16},"end":{"line":10,"column":1}},"1":{"start":{"line":2,"column":14},"end":{"line":2,"column":24}},"2":{"start":{"line":3,"column":2},"end":{"line":8,"column":3}},"3":{"start":{"line":3,"column":15},"end":{"line":3,"column":29}},"4":{"start":{"line":4,"column":12},"end":{"line":4,"column":47}},"5":{"start":{"line":5,"column":15},"end":{"line":5,"column":21}},"6":{"start":{"line":6,"column":4},"end":{"line":6,"column":20}},"7":{"start":{"line":7,"column":4},"end":{"line":7,"column":18}},"8":{"start":{"line":9,"column":2},"end":{"line":9,"column":13}}},"fnMap":{"0":{"name":"(anonymous_0)","decl":{"start":{"line":1,"column":16},"end":{"line":1,"column":17}},"loc":{"start":{"line":1,"column":42},"end":{"line":10,"column":1}},"line":1}},"branchMap":{},"s":{"0":11,"1":17,"2":17,"3":17,"4":813,"5":813,"6":813,"7":813,"8":17},"f":{"0":17},"b":{},"_coverageSchema":"1a1c01bbd47fc00a2c39e90264f33305004495a9","hash":"cd4df848b31955f2beda4850222aa1c31fb32214"}
}
