TN:
SF:src/Root.tsx
FN:7,(anonymous_0)
FNF:1
FNH:1
FNDA:1,(anonymous_0)
DA:7,1
DA:9,1
DA:11,1
LF:3
LH:3
BRF:0
BRH:0
end_of_record
TN:
SF:src/initialState.ts
FNF:0
FNH:0
DA:4,10
DA:5,10
DA:6,10
DA:8,10
LF:4
LH:4
BRF:0
BRH:0
end_of_record
TN:
SF:src/reducer.ts
FN:8,(anonymous_0)
FNF:1
FNH:1
FNDA:9,(anonymous_0)
DA:8,2
DA:9,9
DA:11,1
DA:12,1
DA:20,1
DA:21,1
DA:28,1
DA:29,1
DA:37,1
DA:38,1
DA:39,1
DA:48,1
DA:49,1
DA:56,1
DA:63,1
DA:64,1
DA:72,1
DA:79,1
LF:18
LH:18
BRDA:9,0,0,1
BRDA:9,0,1,1
BRDA:9,0,2,1
BRDA:9,0,3,1
BRDA:9,0,4,1
BRDA:9,0,5,1
BRDA:9,0,6,1
BRDA:9,0,7,1
BRDA:9,0,8,1
BRDA:11,1,0,0
BRDA:11,2,0,1
BRDA:11,2,1,0
BRDA:20,3,0,0
BRDA:20,4,0,1
BRDA:20,4,1,0
BRDA:37,5,0,0
BRDA:37,6,0,1
BRDA:37,6,1,0
BRDA:48,7,0,0
BRDA:48,8,0,1
BRDA:48,8,1,0
BRF:21
BRH:13
end_of_record
TN:
SF:src/store.tsx
FN:10,(anonymous_0)
FNF:1
FNH:0
FNDA:0,(anonymous_0)
LF:0
LH:0
BRF:0
BRH:0
end_of_record
TN:
SF:src/App/AppBody.tsx
FN:10,(anonymous_0)
FNF:1
FNH:1
FNDA:5,(anonymous_0)
DA:5,3
DA:10,3
DA:11,5
LF:3
LH:3
BRF:0
BRH:0
end_of_record
TN:
SF:src/App/AppBottom.tsx
FN:10,(anonymous_0)
FN:17,(anonymous_1)
FNF:2
FNH:2
FNDA:4,(anonymous_0)
FNDA:4,(anonymous_1)
DA:9,3
DA:10,4
DA:13,3
DA:17,3
DA:18,4
DA:19,4
DA:21,4
LF:7
LH:7
BRDA:10,0,0,0
BRDA:10,0,1,4
BRF:2
BRH:1
end_of_record
TN:
SF:src/App/AppHeader.tsx
FN:5,(anonymous_0)
FNF:1
FNH:1
FNDA:5,(anonymous_0)
DA:5,3
DA:6,5
LF:2
LH:2
BRF:0
BRH:0
end_of_record
TN:
SF:src/App/AppRouter.tsx
FN:9,(anonymous_0)
FNF:1
FNH:1
FNDA:5,(anonymous_0)
DA:9,3
DA:10,5
LF:2
LH:2
BRF:0
BRH:0
end_of_record
TN:
SF:src/App/actionType.ts
FNF:0
FNH:0
DA:1,6
LF:1
LH:1
BRF:0
BRH:0
end_of_record
TN:
SF:src/App/actions.ts
FN:4,(anonymous_0)
FN:8,(anonymous_1)
FN:13,(anonymous_2)
FN:18,(anonymous_3)
FN:22,(anonymous_4)
FN:26,(anonymous_5)
FN:30,(anonymous_6)
FNF:7
FNH:7
FNDA:4,(anonymous_0)
FNDA:2,(anonymous_1)
FNDA:3,(anonymous_2)
FNDA:2,(anonymous_3)
FNDA:2,(anonymous_4)
FNDA:3,(anonymous_5)
FNDA:3,(anonymous_6)
DA:4,6
DA:8,6
DA:13,6
DA:18,6
DA:22,6
DA:26,6
DA:30,6
LF:7
LH:7
BRF:0
BRH:0
end_of_record
TN:
SF:src/App/index.tsx
FN:37,(anonymous_0)
FNF:1
FNH:1
FNDA:3,(anonymous_0)
DA:9,2
DA:17,2
DA:37,2
DA:38,3
LF:4
LH:4
BRF:0
BRH:0
end_of_record
TN:
SF:src/components/Button.tsx
FN:15,(anonymous_0)
FNF:1
FNH:1
FNDA:14,(anonymous_0)
DA:5,5
DA:15,5
DA:16,14
LF:3
LH:3
BRDA:15,0,0,0
BRDA:15,1,0,2
BRF:2
BRH:1
end_of_record
TN:
SF:src/components/Loading.tsx
FN:53,(anonymous_0)
FN:55,(anonymous_1)
FNF:2
FNH:2
FNDA:2,(anonymous_0)
FNDA:1,(anonymous_1)
DA:8,4
DA:20,4
DA:30,4
DA:53,4
DA:54,2
DA:55,2
DA:56,1
DA:57,1
DA:60,2
LF:9
LH:9
BRDA:61,0,0,2
BRDA:61,0,1,1
BRF:2
BRH:2
end_of_record
TN:
SF:src/components/Select.tsx
FN:13,(anonymous_0)
FNF:1
FNH:1
FNDA:8,(anonymous_0)
DA:5,5
DA:13,5
DA:14,8
LF:3
LH:3
BRF:0
BRH:0
end_of_record
TN:
SF:src/layout/Panel.ts
FNF:0
FNH:0
DA:3,5
LF:1
LH:1
BRF:0
BRH:0
end_of_record
TN:
SF:src/model/IAction.ts
FNF:0
FNH:0
LF:0
LH:0
BRF:0
BRH:0
end_of_record
TN:
SF:src/model/ICellInfo.ts
FNF:0
FNH:0
LF:0
LH:0
BRF:0
BRH:0
end_of_record
TN:
SF:src/model/IPayload.ts
FNF:0
FNH:0
LF:0
LH:0
BRF:0
BRH:0
end_of_record
TN:
SF:src/model/IState.ts
FNF:0
FNH:0
LF:0
LH:0
BRF:0
BRH:0
end_of_record
TN:
SF:src/model/IUserProfile.ts
FNF:0
FNH:0
LF:0
LH:0
BRF:0
BRH:0
end_of_record
TN:
SF:src/model/index.ts
FNF:0
FNH:0
LF:0
LH:0
BRF:0
BRH:0
end_of_record
TN:
SF:src/modules/Auth/AuthForm.tsx
FN:42,(anonymous_0)
FN:48,(anonymous_1)
FN:55,(anonymous_2)
FN:57,(anonymous_3)
FN:63,(anonymous_4)
FNF:5
FNH:5
FNDA:16,(anonymous_0)
FNDA:6,(anonymous_1)
FNDA:1,(anonymous_2)
FNDA:1,(anonymous_3)
FNDA:7,(anonymous_4)
DA:13,4
DA:42,4
DA:43,16
DA:44,16
DA:46,16
DA:48,16
DA:49,6
DA:50,6
DA:51,1
DA:55,16
DA:56,1
DA:57,1
DA:58,1
DA:59,1
DA:63,16
DA:64,7
DA:65,7
DA:68,16
LF:18
LH:18
BRDA:50,0,0,1
BRDA:50,0,1,5
BRDA:92,1,0,16
BRDA:92,1,1,8
BRF:4
BRH:4
end_of_record
TN:
SF:src/modules/Auth/AuthLayout.tsx
FN:12,(anonymous_0)
FNF:1
FNH:1
FNDA:5,(anonymous_0)
DA:8,3
DA:12,3
DA:13,5
DA:14,5
LF:4
LH:4
BRDA:18,0,0,5
BRDA:18,0,1,0
BRF:2
BRH:1
end_of_record
TN:
SF:src/modules/Auth/AuthStatus.tsx
FN:10,(anonymous_0)
FNF:1
FNH:1
FNDA:5,(anonymous_0)
DA:5,3
DA:10,3
DA:11,5
DA:13,5
DA:14,4
DA:17,1
LF:6
LH:6
BRDA:13,0,0,4
BRDA:13,0,1,1
BRF:2
BRH:2
end_of_record
TN:
SF:src/modules/Auth/RequireAuth.tsx
FN:5,(anonymous_0)
FNF:1
FNH:1
FNDA:5,(anonymous_0)
DA:5,3
DA:6,5
DA:7,5
DA:9,5
DA:10,4
DA:13,1
LF:6
LH:6
BRDA:9,0,0,4
BRDA:9,0,1,1
BRF:2
BRH:2
end_of_record
TN:
SF:src/modules/Auth/fakeAuthProvider.ts
FN:4,uuidv4
FN:6,(anonymous_1)
FN:16,(anonymous_2)
FN:18,(anonymous_3)
FN:24,(anonymous_4)
FN:31,(anonymous_5)
FNF:6
FNH:6
FNDA:1,uuidv4
FNDA:31,(anonymous_1)
FNDA:1,(anonymous_2)
FNDA:1,(anonymous_3)
FNDA:1,(anonymous_4)
FNDA:6,(anonymous_5)
DA:6,1
DA:7,31
DA:14,5
DA:17,1
DA:18,1
DA:19,1
DA:20,1
DA:21,1
DA:25,1
DA:26,1
DA:27,1
DA:31,5
DA:32,6
DA:33,6
DA:34,1
DA:35,1
DA:36,1
DA:39,5
LF:18
LH:18
BRDA:33,0,0,1
BRDA:33,0,1,5
BRDA:35,1,0,1
BRDA:35,1,1,0
BRDA:35,2,0,1
BRDA:35,2,1,1
BRDA:35,2,2,1
BRF:7
BRH:6
end_of_record
TN:
SF:src/modules/Auth/useLogin.ts
FN:8,(anonymous_0)
FN:13,(anonymous_1)
FNF:2
FNH:2
FNDA:16,(anonymous_0)
FNDA:2,(anonymous_1)
DA:8,4
DA:9,16
DA:10,16
DA:11,16
DA:13,16
DA:15,2
DA:17,2
DA:18,2
DA:19,2
LF:9
LH:9
BRDA:15,0,0,2
BRDA:15,0,1,2
BRF:2
BRH:2
end_of_record
TN:
SF:src/modules/Cell/actionType.ts
FNF:0
FNH:0
DA:1,6
LF:1
LH:1
BRF:0
BRH:0
end_of_record
TN:
SF:src/modules/Cell/actions.ts
FN:3,(anonymous_0)
FNF:1
FNH:1
FNDA:2,(anonymous_0)
DA:3,6
LF:1
LH:1
BRF:0
BRH:0
end_of_record
TN:
SF:src/modules/Cell/constatnts.ts
FNF:0
FNH:0
DA:1,5
LF:1
LH:1
BRF:0
BRH:0
end_of_record
TN:
SF:src/modules/Cell/index.tsx
FN:16,(anonymous_0)
FN:17,(anonymous_1)
FN:19,(anonymous_2)
FN:20,(anonymous_3)
FN:21,(anonymous_4)
FN:22,(anonymous_5)
FN:24,(anonymous_6)
FN:41,(anonymous_7)
FN:47,(anonymous_8)
FN:63,(anonymous_9)
FN:72,(anonymous_10)
FNF:11
FNH:11
FNDA:207,(anonymous_0)
FNDA:207,(anonymous_1)
FNDA:207,(anonymous_2)
FNDA:207,(anonymous_3)
FNDA:207,(anonymous_4)
FNDA:207,(anonymous_5)
FNDA:207,(anonymous_6)
FNDA:7,(anonymous_7)
FNDA:7,(anonymous_8)
FNDA:207,(anonymous_9)
FNDA:1,(anonymous_10)
DA:14,5
DA:16,207
DA:17,207
DA:19,207
DA:20,207
DA:21,207
DA:22,207
DA:24,207
DA:37,5
DA:41,7
DA:47,7
DA:63,5
DA:70,207
DA:72,207
DA:73,1
DA:75,207
DA:77,207
LF:17
LH:17
BRDA:16,0,0,33
BRDA:16,0,1,174
BRDA:17,1,0,0
BRDA:17,1,1,207
BRDA:21,2,0,33
BRDA:21,2,1,174
BRDA:22,3,0,0
BRDA:22,3,1,207
BRDA:24,4,0,33
BRDA:24,4,1,174
BRDA:41,5,0,2
BRDA:41,5,1,5
BRDA:47,6,0,2
BRDA:47,6,1,5
BRDA:65,7,0,0
BRDA:66,8,0,0
BRDA:67,9,0,2
BRDA:68,10,0,2
BRDA:73,11,0,0
BRDA:73,11,1,1
BRDA:84,12,0,207
BRDA:84,12,1,7
BRF:22
BRH:17
end_of_record
TN:
SF:src/modules/Cell/models.ts
FNF:0
FNH:0
LF:0
LH:0
BRF:0
BRH:0
end_of_record
TN:
SF:src/modules/GameField/actionType.ts
FNF:0
FNH:0
DA:1,2
LF:1
LH:1
BRF:0
BRH:0
end_of_record
TN:
SF:src/modules/GameField/actions.ts
FN:3,(anonymous_0)
FNF:1
FNH:1
FNDA:1,(anonymous_0)
DA:3,1
LF:1
LH:1
BRF:0
BRH:0
end_of_record
TN:
SF:src/modules/GameField/index.tsx
FN:20,(anonymous_0)
FN:23,(anonymous_1)
FN:35,(anonymous_2)
FNF:3
FNH:3
FNDA:6,(anonymous_0)
FNDA:7,(anonymous_1)
FNDA:205,(anonymous_2)
DA:11,4
DA:20,6
DA:23,4
DA:24,7
DA:25,7
DA:26,7
DA:27,7
DA:29,7
DA:30,1
DA:33,6
DA:36,205
DA:37,205
DA:38,205
DA:39,205
DA:40,205
DA:41,205
LF:16
LH:16
BRDA:20,0,0,0
BRDA:20,0,1,6
BRDA:29,1,0,1
BRDA:29,1,1,6
BRF:4
BRH:3
end_of_record
TN:
SF:src/modules/UserForm/index.tsx
FN:10,(anonymous_0)
FN:19,(anonymous_1)
FN:23,(anonymous_2)
FN:28,(anonymous_3)
FN:30,(anonymous_4)
FNF:5
FNH:5
FNDA:6,(anonymous_0)
FNDA:1,(anonymous_1)
FNDA:1,(anonymous_2)
FNDA:1,(anonymous_3)
FNDA:1,(anonymous_4)
DA:10,4
DA:11,6
DA:13,6
DA:14,6
DA:17,6
DA:19,6
DA:20,1
DA:23,6
DA:24,1
DA:25,1
DA:28,6
DA:29,1
DA:30,1
DA:31,1
DA:32,1
DA:33,1
DA:34,1
DA:38,6
LF:18
LH:18
BRDA:17,0,0,6
BRDA:17,0,1,6
BRF:2
BRH:2
end_of_record
TN:
SF:src/utils/createArrayBySize.ts
FN:1,(anonymous_0)
FN:2,(anonymous_1)
FNF:2
FNH:2
FNDA:18,(anonymous_0)
FNDA:910,(anonymous_1)
DA:1,12
DA:2,910
LF:2
LH:2
BRDA:1,0,0,1
BRF:1
BRH:1
end_of_record
TN:
SF:src/utils/createGameField.ts
FN:5,(anonymous_0)
FN:5,(anonymous_1)
FN:7,(anonymous_2)
FN:14,(anonymous_3)
FNF:4
FNH:4
FNDA:16,(anonymous_0)
FNDA:16,(anonymous_1)
FNDA:905,(anonymous_2)
FNDA:16,(anonymous_3)
DA:5,16
DA:6,16
DA:7,905
DA:8,16
DA:9,27
DA:11,16
DA:14,11
DA:15,16
LF:8
LH:8
BRDA:14,0,0,1
BRF:1
BRH:1
end_of_record
TN:
SF:src/utils/index.ts
FNF:0
FNH:0
LF:0
LH:0
BRF:0
BRH:0
end_of_record
TN:
SF:src/utils/shuffle.ts
FN:1,(anonymous_0)
FNF:1
FNH:1
FNDA:19,(anonymous_0)
DA:1,12
DA:2,19
DA:3,19
DA:4,901
DA:5,901
DA:6,901
DA:7,901
DA:9,19
LF:8
LH:8
BRF:0
BRH:0
end_of_record
